<?xml version="1.0" encoding="UTF-8"?>
<!-- Generated by org.testng.reporters.JUnitReportReporter -->
<testsuite skipped="0" hostname="akhi-air" name="tests.HomePageLinksTest" tests="4" failures="0" timestamp="24 May 2017 02:28:40 GMT" time="33.173" errors="0">
  <testcase name="testTodaysDealLink" time="11.116" classname="tests.HomePageLinksTest"/>
  <testcase name="testCartLink" time="7.629" classname="tests.HomePageLinksTest"/>
  <testcase name="testHelpLink" time="6.758" classname="tests.HomePageLinksTest"/>
  <testcase name="testGiftRegistryLink" time="7.670" classname="tests.HomePageLinksTest"/>
</testsuite> <!-- tests.HomePageLinksTest -->
