<?xml version="1.0" encoding="UTF-8"?>
<!-- Generated by org.testng.reporters.JUnitReportReporter -->
<testsuite skipped="2" hostname="akhi-air" name="tests.SearchTests" tests="3" failures="0" timestamp="24 May 2017 04:01:33 GMT" time="42.441" errors="0">
  <testcase name="searchFromMysqlDatabase" time="42.441" classname="tests.SearchTests"/>
  <testcase name="searchCamera" classname="tests.SearchTests">
    <skipped/>
  </testcase> <!-- searchCamera -->
  <testcase name="searchFromExcelData" classname="tests.SearchTests">
    <skipped/>
  </testcase> <!-- searchFromExcelData -->
</testsuite> <!-- tests.SearchTests -->
