<?xml version="1.0" encoding="UTF-8"?>
<!-- Generated by org.testng.reporters.JUnitReportReporter -->
<testsuite skipped="0" hostname="akhi-air" name="tests.HomePageTest" tests="3" failures="0" timestamp="26 May 2017 01:42:04 GMT" time="28.152" errors="0">
  <testcase name="testHealthCareLink" time="8.550" classname="tests.HomePageTest"/>
  <testcase name="testIndividualsFamLink" time="12.659" classname="tests.HomePageTest"/>
  <testcase name="testProducersLink" time="6.943" classname="tests.HomePageTest"/>
</testsuite> <!-- tests.HomePageTest -->
