<?xml version="1.0" encoding="UTF-8"?>
<!-- Generated by org.testng.reporters.JUnitReportReporter -->
<testsuite skipped="0" hostname="akhi-air" name="tests.HomePageTests" tests="5" failures="0" timestamp="26 May 2017 00:58:50 GMT" time="55.076" errors="0">
  <testcase name="testWomenLink" time="9.279" classname="tests.HomePageTests"/>
  <testcase name="searchBags" time="10.331" classname="tests.HomePageTests"/>
  <testcase name="testMenLink" time="14.135" classname="tests.HomePageTests"/>
  <testcase name="testRunwayLink" time="10.221" classname="tests.HomePageTests"/>
  <testcase name="wrongUsernamePassword" time="11.110" classname="tests.HomePageTests"/>
</testsuite> <!-- tests.HomePageTests -->
